<?xml version="1.0" encoding="UTF-8"?>
<!-- Generated by org.testng.reporters.JUnitReportReporter -->
<testsuite hostname="priya" failures="0" tests="1" name="com.qa.testscripts.TC_HomeAndLiving_001" time="55.015" errors="0" timestamp="2022-03-09T10:41:27 IST" skipped="0">
  <testcase classname="com.qa.testscripts.TC_HomeAndLiving_001" name="Myntra_001" time="55.015"/>
  <system-out/>
</testsuite> <!-- com.qa.testscripts.TC_HomeAndLiving_001 -->
